Mon Oct 19 18:21:16 CDT 2020
Start Regression test


baseline dir = /work/07736/minsukji/stampede2/RT/FV3-MOM6-CICE5/develop-20201012/RT-Baselines_1d_bmwav_ccpp_cmeps
mediator baseline dir = /work/07736/minsukji/stampede2/RT/FV3-MOM6-CICE5/develop-20201012/RT-Baselines_1d_bmwav_ccpp_cmeps/RESTART
working dir  = /work/07736/minsukji/stampede2/FV3-MOM6-CICE6/run/stmp3/minsukji/S2S_RT/rt_137288/cpld_fv3_ccpp_384_mom6_cice_cmeps_ww3_1d_bmark_rt
Checking test 001 cpld_fv3_ccpp_384_mom6_cice_cmeps_ww3_1d_bmark_rt results ....
 Comparing phyf024.tile1.nc ............NOT OK
 Comparing phyf024.tile2.nc ............NOT OK
 Comparing phyf024.tile3.nc ............NOT OK
 Comparing phyf024.tile4.nc ............NOT OK
 Comparing phyf024.tile5.nc ............NOT OK
 Comparing phyf024.tile6.nc ............NOT OK
 Comparing dynf024.tile1.nc ............NOT OK
 Comparing dynf024.tile2.nc ............NOT OK
 Comparing dynf024.tile3.nc ............NOT OK
 Comparing dynf024.tile4.nc ............NOT OK
 Comparing dynf024.tile5.nc ............NOT OK
 Comparing dynf024.tile6.nc ............NOT OK
 Comparing 20130402.000000.out_grd.gwes_30m ............NOT OK
 Comparing 20130402.000000.out_pnt.points ............NOT OK
 Comparing 20130402.000000.restart.gwes_30m ............NOT OK
 Comparing RESTART/coupler.res .........OK
 Comparing RESTART/fv_core.res.nc .........OK
 Comparing RESTART/fv_core.res.tile1.nc ............NOT OK
 Comparing RESTART/fv_core.res.tile2.nc ............NOT OK
 Comparing RESTART/fv_core.res.tile3.nc ............NOT OK
 Comparing RESTART/fv_core.res.tile4.nc ............NOT OK
 Comparing RESTART/fv_core.res.tile5.nc ............NOT OK
 Comparing RESTART/fv_core.res.tile6.nc ............NOT OK
 Comparing RESTART/fv_srf_wnd.res.tile1.nc ............NOT OK
 Comparing RESTART/fv_srf_wnd.res.tile2.nc ............NOT OK
 Comparing RESTART/fv_srf_wnd.res.tile3.nc ............NOT OK
 Comparing RESTART/fv_srf_wnd.res.tile4.nc ............NOT OK
 Comparing RESTART/fv_srf_wnd.res.tile5.nc ............NOT OK
 Comparing RESTART/fv_srf_wnd.res.tile6.nc ............NOT OK
 Comparing RESTART/fv_tracer.res.tile1.nc ............NOT OK
 Comparing RESTART/fv_tracer.res.tile2.nc ............NOT OK
 Comparing RESTART/fv_tracer.res.tile3.nc ............NOT OK
 Comparing RESTART/fv_tracer.res.tile4.nc ............NOT OK
 Comparing RESTART/fv_tracer.res.tile5.nc ............NOT OK
 Comparing RESTART/fv_tracer.res.tile6.nc ............NOT OK
 Comparing RESTART/phy_data.tile1.nc ............NOT OK
 Comparing RESTART/phy_data.tile2.nc ............NOT OK
 Comparing RESTART/phy_data.tile3.nc ............NOT OK
 Comparing RESTART/phy_data.tile4.nc ............NOT OK
 Comparing RESTART/phy_data.tile5.nc ............NOT OK
 Comparing RESTART/phy_data.tile6.nc ............NOT OK
 Comparing RESTART/sfc_data.tile1.nc ............NOT OK
 Comparing RESTART/sfc_data.tile2.nc ............NOT OK
 Comparing RESTART/sfc_data.tile3.nc ............NOT OK
 Comparing RESTART/sfc_data.tile4.nc ............NOT OK
 Comparing RESTART/sfc_data.tile5.nc ............NOT OK
 Comparing RESTART/sfc_data.tile6.nc ............NOT OK
 Comparing RESTART/MOM.res.nc ............NOT OK
 Comparing RESTART/MOM.res_1.nc ............NOT OK
 Comparing RESTART/MOM.res_2.nc ............NOT OK
 Comparing RESTART/MOM.res_3.nc ............NOT OK
 Comparing RESTART/iced.2013-04-02-00000.nc ............NOT OK
Test 001 cpld_fv3_ccpp_384_mom6_cice_cmeps_ww3_1d_bmark_rt FAIL

FAILED TESTS: 
Test cpld_fv3_ccpp_384_mom6_cice_cmeps_ww3_1d_bmark_rt failed 

REGRESSION TEST FAILED
Mon Oct 19 19:35:13 CDT 2020
Elapsed time: 01h:13m:57s. Have a nice day!
